<?xml version="1.0" encoding="UTF-8"?>
<testsuite xmlns:xsi="http://www.w3.org/2001/XMLSchema-instance" xsi:noNamespaceSchemaLocation="https://maven.apache.org/surefire/maven-surefire-plugin/xsd/surefire-test-report.xsd" name="TestSuite" time="6.536" tests="7" errors="0" skipped="5" failures="2">
  <properties>
[...]
</properties>
  <testcase name="setUp" classname="uiTests.LoginTest" time="5.254">
    <failure message="Could not start a new session. Response code 500. Message: session not created: This version of ChromeDriver only supports Chrome version 114&#10;Current browser version is 136.0.7103.114 with binary path /Applications/Google Chrome.app/Contents/MacOS/Google Chrome &#10;Host info: host: &apos;Eduards-MacBook-Pro.local&apos;, ip: &apos;192.168.1.36&apos;&#10;Build info: version: &apos;4.9.0&apos;, revision: &apos;d7057100a6&apos;&#10;System info: os.name: &apos;Mac OS X&apos;, os.arch: &apos;x86_64&apos;, os.version: &apos;12.1&apos;, java.version: &apos;17.0.12&apos;&#10;Driver info: org.openqa.selenium.chrome.ChromeDriver&#10;Command: [null, newSession {capabilities=[Capabilities {browserName: chrome, goog:chromeOptions: {args: [--remote-allow-origins=*], extensions: []}}]}]" type="org.openqa.selenium.SessionNotCreatedException">org.openqa.selenium.SessionNotCreatedException: 
Could not start a new session. Response code 500. Message: session not created: This version of ChromeDriver only supports Chrome version 114
Current browser version is 136.0.7103.114 with binary path /Applications/Google Chrome.app/Contents/MacOS/Google Chrome 
Host info: host: 'Eduards-MacBook-Pro.local', ip: '192.168.1.36'
Build info: version: '4.9.0', revision: 'd7057100a6'
System info: os.name: 'Mac OS X', os.arch: 'x86_64', os.version: '12.1', java.version: '17.0.12'
Driver info: org.openqa.selenium.chrome.ChromeDriver
Command: [null, newSession {capabilities=[Capabilities {browserName: chrome, goog:chromeOptions: {args: [--remote-allow-origins=*], extensions: []}}]}]
</failure>
    <system-err><![CDATA[SLF4J: No SLF4J providers were found.
SLF4J: Defaulting to no-operation (NOP) logger implementation
SLF4J: See https://www.slf4j.org/codes.html#noProviders for further details.
Starting ChromeDriver 114.0.5735.90 (386bc09e8f4f2e025eddae123f36f6263096ae49-refs/branch-heads/5735@{#1052}) on port 46966
Only local connections are allowed.
Please see https://chromedriver.chromium.org/security-considerations for suggestions on keeping ChromeDriver safe.
ChromeDriver was started successfully.
]]></system-err>
  </testcase>
  <testcase name="setUp" classname="uiTests.LoginTest" time="0">
    <skipped/>
  </testcase>
  <testcase name="checkLoginTest" classname="uiTests.LoginTest" time="0">
    <skipped message="Could not start a new session. Response code 500. Message: session not created: This version of ChromeDriver only supports Chrome version 114&#10;Current browser version is 136.0.7103.114 with binary path /Applications/Google Chrome.app/Contents/MacOS/Google Chrome &#10;Host info: host: &apos;Eduards-MacBook-Pro.local&apos;, ip: &apos;192.168.1.36&apos;&#10;Build info: version: &apos;4.9.0&apos;, revision: &apos;d7057100a6&apos;&#10;System info: os.name: &apos;Mac OS X&apos;, os.arch: &apos;x86_64&apos;, os.version: &apos;12.1&apos;, java.version: &apos;17.0.12&apos;&#10;Driver info: org.openqa.selenium.chrome.ChromeDriver&#10;Command: [null, newSession {capabilities=[Capabilities {browserName: chrome, goog:chromeOptions: {args: [--remote-allow-origins=*], extensions: []}}]}]"/>
  </testcase>
  <testcase name="tearDown" classname="uiTests.LoginTest" time="0">
    <skipped/>
  </testcase>
  <testcase name="tearDown" classname="uiTests.LoginTest" time="0">
    <skipped/>
  </testcase>
  <testcase name="checkLoginWithInvalidUserNameTest" classname="uiTests.LoginTest" time="0">
    <skipped message="Could not start a new session. Response code 500. Message: session not created: This version of ChromeDriver only supports Chrome version 114&#10;Current browser version is 136.0.7103.114 with binary path /Applications/Google Chrome.app/Contents/MacOS/Google Chrome &#10;Host info: host: &apos;Eduards-MacBook-Pro.local&apos;, ip: &apos;192.168.1.36&apos;&#10;Build info: version: &apos;4.9.0&apos;, revision: &apos;d7057100a6&apos;&#10;System info: os.name: &apos;Mac OS X&apos;, os.arch: &apos;x86_64&apos;, os.version: &apos;12.1&apos;, java.version: &apos;17.0.12&apos;&#10;Driver info: org.openqa.selenium.chrome.ChromeDriver&#10;Command: [null, newSession {capabilities=[Capabilities {browserName: chrome, goog:chromeOptions: {args: [--remote-allow-origins=*], extensions: []}}]}]"/>
  </testcase>
  <testcase name="checkSummary" classname="apiTests.SummaryApiTest" time="1.063">
    <failure message="Connection refused" type="java.net.ConnectException">java.net.ConnectException: Connection refused
	at apiTests.SummaryApiTest.checkSummary(SummaryApiTest.java:21)
</failure>
  </testcase>
</testsuite>